<testsuites id="" name="" tests="5" failures="1" skipped="1" errors="0" time="545.6845870000001">
<testsuite name="healthcare-workflow-legacy.spec.ts" timestamp="2025-08-04T12:33:09.652Z" hostname="chromium" tests="5" failures="1" skipped="1" time="535.61" errors="0">
<testcase name="Healthcare Management Workflow - Full End-to-End › 01. Provider Creation - PREREQUISITE" classname="healthcare-workflow-legacy.spec.ts" time="113.69">
<system-out>
<![CDATA[[INFO] 🔄 Preparing for next test...
[INFO] ============================================================
[INFO] Starting Test 1: Provider Creation (PREREQUISITE)
[INFO] ============================================================
[INFO] 📋 CURRENT TEST DATA:
[INFO]    Test Run ID: 1754310790613
[INFO]    Provider: Dr. Angela White
[INFO]    Provider Email: 
[INFO]    Provider NPI: 1234590613
[INFO]    Patient: James Anderson
[INFO]    Patient Email: 
[INFO]    Patient Phone: 5550790613
[INFO] Selecting specialities...
[INFO] Selected first available speciality
[INFO] Provider DOB: 05-19-1984
[INFO] Waiting for provider save confirmation...
[INFO] Load state timeout: page.waitForLoadState: Timeout 30000ms exceeded., continuing...
[INFO] Waiting 15 seconds for provider to sync to backend...
[INFO] 🔍 Checking browser responsiveness for Provider Creation...
[INFO] ✅ Browser is responsive for Provider Creation
[SUCCESS] ✅ Provider created successfully: Dr. Angela White
[INFO] 📧 Provider Email: provider.1754310790613.11.1754310819575@example.com
[INFO] 🆔 Provider NPI: 1234590613
[INFO] ============================================================
[INFO] 🔄 Preparing for next test...
[INFO] ============================================================
[INFO] Starting Test 1: Provider Creation (PREREQUISITE)
[INFO] ============================================================
[INFO] 📋 CURRENT TEST DATA:
[INFO]    Test Run ID: 1754311294485
[INFO]    Provider: Dr. Hero Davis
[INFO]    Provider Email: 
[INFO]    Provider NPI: 1234594485
[INFO]    Patient: Kevin Wilson
[INFO]    Patient Email: 
[INFO]    Patient Phone: 5551294485
[INFO] Selecting specialities...
[INFO] Selected first available speciality
[INFO] Provider DOB: 05-16-1981
[INFO] Waiting for provider save confirmation...
[INFO] ✓ Page loaded after save
[INFO] Waiting 15 seconds for provider to sync to backend...

[[ATTACHMENT|../test-results/healthcare-workflow-legacy-9e207-der-Creation---PREREQUISITE-chromium-retry1/test-failed-1.png]]

[[ATTACHMENT|../test-results/healthcare-workflow-legacy-9e207-der-Creation---PREREQUISITE-chromium-retry1/video.webm]]

[[ATTACHMENT|../test-results/healthcare-workflow-legacy-9e207-der-Creation---PREREQUISITE-chromium-retry1/trace.zip]]
]]>
</system-out>
<system-err>
<![CDATA[[ERROR] Screenshot saved for failed test: 01. Provider Creation - PREREQUISITE
[ERROR] Provider creation failed: page.waitForTimeout: Test ended.
]]>
</system-err>
</testcase>
<testcase name="Healthcare Management Workflow - Full End-to-End › 02. Patient Registration - REQUIRES: Provider Created" classname="healthcare-workflow-legacy.spec.ts" time="20.469">
<system-out>
<![CDATA[[INFO] 🔄 Preparing for next test...
[INFO] ============================================================
[INFO] Starting Test 2: Patient Registration
[INFO] ============================================================
[INFO] 📋 CURRENT TEST DATA:
[INFO]    Test Run ID: 1754310790613
[INFO]    Provider: Dr. Angela White
[INFO]    Provider Email: provider.1754310790613.11.1754310819575@example.com
[INFO]    Provider NPI: 1234590613
[INFO]    Patient: James Anderson
[INFO]    Patient Email: 
[INFO]    Patient Phone: 5550790613
[DEPENDENCY] ✓ Provider dependency satisfied
[INFO] 🔍 Checking browser responsiveness for Patient Registration Start...
[INFO] ✅ Browser is responsive for Patient Registration Start
[INFO] Starting login for patient registration...
[INFO] Starting login process
[INFO] Login completed
[INFO] Waiting for dashboard to load...
[INFO] ✓ Dashboard loaded successfully
[INFO] Clicked Create
[INFO] Selected New Patient
[INFO] Selected Enter Patient Details
[INFO] Proceeded to patient details form
[INFO] Patient DOB: 03-24-1999
[INFO] Filled patient details
[INFO] Clicked Save
[INFO] Verified patient creation success message
[SUCCESS] Patient registered successfully: James Anderson
[INFO] Patient Email: patient.1754310790613.66.1754310885760@example.com
[INFO] ============================================================
]]>
</system-out>
</testcase>
<testcase name="Healthcare Management Workflow - Full End-to-End › 03. Set Provider Availability - REQUIRES: Provider AND Patient Created" classname="healthcare-workflow-legacy.spec.ts" time="91.673">
<system-out>
<![CDATA[[INFO] 🔄 Preparing for next test...
[INFO] ============================================================
[INFO] Starting Test 3: Set Provider Availability
[INFO] ============================================================
[INFO] 📋 CURRENT TEST DATA:
[INFO]    Test Run ID: 1754310790613
[INFO]    Provider: Dr. Angela White
[INFO]    Provider Email: provider.1754310790613.11.1754310819575@example.com
[INFO]    Provider NPI: 1234590613
[INFO]    Patient: James Anderson
[INFO]    Patient Email: patient.1754310790613.66.1754310885760@example.com
[INFO]    Patient Phone: 5550790613
[DEPENDENCY] ✓ Provider dependency satisfied
[DEPENDENCY] ✓ Patient dependency satisfied
[INFO] 🔍 Checking browser responsiveness for Availability Setup Start...
[INFO] ✅ Browser is responsive for Availability Setup Start
[INFO] Reloading page and re-logging in before availability step...
[INFO] Starting login process
[INFO] Login completed
[INFO] 🎯 Looking for the EXACT provider created: Dr. Angela White
[INFO]    Provider details: First="Dr. Angela", Last="White"
[INFO] 🎯 Provider dropdown attempt 1: div:has-text("Select Provider") [aria-label="Open"]
[INFO]    📊 Found 12 elements
[INFO] 🎯 Provider dropdown attempt 2: div:has-text("Select Provider") button
[INFO]    📊 Found 33 elements
[INFO] 🎯 Provider dropdown attempt 3: div:has-text("Select Provider") [role="button"]
[INFO]    📊 Found 0 elements
[INFO] 🎯 Provider dropdown attempt 4: form .MuiFormControl-root:has-text("Select Provider") [aria-label="Open"]
[INFO]    📊 Found 1 elements
[INFO]    📋 Found 20 options after clicking
[SUCCESS] ✅ Opened provider dropdown using: form .MuiFormControl-root:has-text("Select Provider") [aria-label="Open"]
[INFO] 📋 ALL available providers: AutoFNaiPfZj Williams | AutoFNJOVVDC Gonzalez | AutoFNWZkbcF Martin | CarolN CarolTestZ | DavidV DavidTestY | Dr. Angela White | Emily Johnson | Hyrljb Tuwppr | John Smith | Kijay Agpta | Knmskp Bwisad | Lisa Smith | Medeep Bagh | Michael Miller | Robert Smith | sammy john | Sarah Brown | Sarah Brown | Skoeak Ngwzqw | TestRhTmdd Jones
[INFO] 🎯 Trying selection method: exact_full_name
[INFO]    📊 Found 1 matching options
[INFO]    📝 Option text: "Dr. Angela White"
[SUCCESS] ✅ Selected provider: "Dr. Angela White" using method: exact_full_name
[INFO] 🔗 STORED for appointment booking: "Dr. Angela White"
[INFO] Setting timezone...
[INFO] ✓ Set timezone: Eastern Standard Time (UTC -5)
[INFO] Setting booking window...
[INFO] 🔍 Debugging available elements for booking window...
[INFO] 📊 Found: 15 forms, 2 "Booking Window" texts, 2 "Select" texts
[INFO] 🎯 Attempt 1/11: Trying selector: div:has-text("Booking Window") [role="button"]:has-text("Select")
[INFO]    📊 Found 0 elements with this selector
[INFO] 🎯 Attempt 2/11: Trying selector: label:has-text("Booking Window") ~ div [role="button"]:has-text("Select")
[INFO]    📊 Found 0 elements with this selector
[INFO] 🎯 Attempt 3/11: Trying selector: form .MuiFormControl-root:nth-of-type(3) [role="button"]
[INFO]    📊 Found 0 elements with this selector
[INFO] 🎯 Attempt 4/11: Trying selector: form .MuiSelect-root:nth-of-type(3) [role="button"]
[INFO]    📊 Found 0 elements with this selector
[INFO] 🎯 Attempt 5/11: Trying selector: [aria-label*="booking" i] [role="button"]
[INFO]    📊 Found 0 elements with this selector
[INFO] 🎯 Attempt 6/11: Trying selector: [aria-label*="window" i] [role="button"]
[INFO]    📊 Found 0 elements with this selector
[INFO] 🎯 Attempt 7/11: Trying selector: div:has-text("Eastern Standard Time") ~ div [role="button"]:has-text("Select")
[INFO]    📊 Found 0 elements with this selector
[INFO] 🎯 Attempt 8/11: Trying selector: div:has-text("Time Zone") ~ div [role="button"]:has-text("Select")
[INFO]    📊 Found 0 elements with this selector
[INFO] 🎯 Attempt 9/11: Trying selector: div:has-text("Booking Window") + div [role="button"]
[INFO]    📊 Found 0 elements with this selector
[INFO] 🎯 Attempt 10/11: Trying selector: div:has-text("Booking Window") ~ div [role="button"]
[INFO]    📊 Found 0 elements with this selector
[INFO] 🎯 Attempt 11/11: Trying selector: .MuiFormControl-root:has-text("Booking Window") [role="button"]
[INFO]    📊 Found 0 elements with this selector
[INFO] 🔧 Trying JavaScript-based approach...
[SUCCESS] ✅ Opened booking window dropdown using JavaScript approach
[INFO] 📋 Available booking window options: Custom, 1 Week, 2 Week, 3 Week, 4 Week, 5 Week, 6 Week, 12 Week, 26 Week, 52 Week
[INFO] 🎯 Attempting to select: 2 Week
[INFO]    🔍 Checking selector: [role="option"]:has-text("2 Week") (found 3 elements)
[SUCCESS] ✅ Successfully selected booking window: 2 Week using selector: [role="option"]:has-text("2 Week")
[INFO] Configuring availability for Monday...
[INFO] ✅ Set start time: 07:00 AM
[INFO] ✅ Set end time: 11:45 PM
[INFO] ✓ Enabled Telehealth for Monday
[INFO] Configuring availability for Tuesday...
[INFO] ✅ Set start time: 07:00 AM
[INFO] ✅ Set end time: 11:45 PM
[INFO] ✓ Enabled Telehealth for Tuesday
[INFO] Configuring availability for Wednesday...
[INFO] ✅ Set start time: 07:00 AM
[INFO] ✅ Set end time: 11:45 PM
[INFO] ✓ Enabled Telehealth for Wednesday
[INFO] Configuring availability for Thursday...
[INFO] ✅ Set start time: 07:00 AM
[INFO] ✅ Set end time: 11:45 PM
[INFO] ✓ Enabled Telehealth for Thursday
[INFO] Configuring availability for Friday...
[INFO] ✅ Set start time: 07:00 AM
[INFO] ✅ Set end time: 11:45 PM
[INFO] ✓ Enabled Telehealth for Friday
[SUCCESS] ✅ Availability configured for: Monday, Tuesday, Wednesday, Thursday, Friday
[INFO] 📅 Total days with availability: 5/7
[INFO] Setting appointment type and duration...
[INFO] Setting appointment duration...
[INFO] 📋 Available durations: 15 minutes | 30 minutes | 45 minutes | 60 minutes | 75 minutes | 90 minutes
[INFO] ✅ Set duration: 15 minutes
[INFO] Setting schedule notice...
[INFO] 📋 Available schedule notices: 1 Hours Away | 4 Hours Away | 8 Hours Away | 12 Hours Away | 1 Week Away | 1 Month Away | 1 Day Away | 3 Day Away
[INFO] ✅ Set schedule notice: 1 Hours Away
[INFO] Attempting to save availability...
[INFO] Clicked Save button
[INFO] 🔍 Checking if availability save was successful...
[INFO] 📍 Current URL: https://stage_aithinkitive.uat.provider.ecarehealth.com/app/provider/scheduling/availability
[SUCCESS] ✅ Navigated away from availability page - save likely successful
[SUCCESS] ✅ Availability save completed successfully
[SUCCESS] Provider availability configuration completed
[INFO] ============================================================
[INFO] 🔄 Still on availability page, attempting final navigation...
[INFO] ✅ Final navigation completed
]]>
</system-out>
</testcase>
<testcase name="Healthcare Management Workflow - Full End-to-End › 04. Book Appointment - REQUIRES: Provider, Patient, AND Availability" classname="healthcare-workflow-legacy.spec.ts" time="309.778">
<failure message="healthcare-workflow-legacy.spec.ts:1383:7 04. Book Appointment - REQUIRES: Provider, Patient, AND Availability" type="FAILURE">
<![CDATA[  [chromium] › healthcare-workflow-legacy.spec.ts:1383:7 › Healthcare Management Workflow - Full End-to-End › 04. Book Appointment - REQUIRES: Provider, Patient, AND Availability 

    Test timeout of 300000ms exceeded.

    Error: Browser became unresponsive before slot selection

      1878 |       const isResponsiveForSlots = await checkBrowserResponsiveness(page, 'Slot Selection');
      1879 |       if (!isResponsiveForSlots) {
    > 1880 |         throw new Error('Browser became unresponsive before slot selection');
           |               ^
      1881 |       }
      1882 |       
      1883 |       await page.waitForTimeout(2000);
        at /Users/ttpl-mac-013/Desktop/24th_JULY_SESSION/qa-ai-suit-15/UI automation code with playwright/tests/healthcare-workflow-legacy.spec.ts:1880:15

    attachment #1: screenshot (image/png) ──────────────────────────────────────────────────────────
    ../test-results/healthcare-workflow-legacy-73a71-er-Patient-AND-Availability-chromium/test-failed-2.png
    ────────────────────────────────────────────────────────────────────────────────────────────────

    attachment #2: screenshot (image/png) ──────────────────────────────────────────────────────────
    ../test-results/healthcare-workflow-legacy-73a71-er-Patient-AND-Availability-chromium/test-failed-1.png
    ────────────────────────────────────────────────────────────────────────────────────────────────

    attachment #3: video (video/webm) ──────────────────────────────────────────────────────────────
    ../test-results/healthcare-workflow-legacy-73a71-er-Patient-AND-Availability-chromium/video-1.webm
    ────────────────────────────────────────────────────────────────────────────────────────────────

    attachment #4: video (video/webm) ──────────────────────────────────────────────────────────────
    ../test-results/healthcare-workflow-legacy-73a71-er-Patient-AND-Availability-chromium/video.webm
    ────────────────────────────────────────────────────────────────────────────────────────────────

    Error Context: ../test-results/healthcare-workflow-legacy-73a71-er-Patient-AND-Availability-chromium/error-context.md

    attachment #6: trace (application/zip) ─────────────────────────────────────────────────────────
    ../test-results/healthcare-workflow-legacy-73a71-er-Patient-AND-Availability-chromium/trace.zip
    Usage:

        npx playwright show-trace ../test-results/healthcare-workflow-legacy-73a71-er-Patient-AND-Availability-chromium/trace.zip

    ────────────────────────────────────────────────────────────────────────────────────────────────
]]>
</failure>
<system-out>
<![CDATA[[INFO] 🔄 Preparing for next test...
[INFO] ============================================================
[INFO] Starting Test 4: Book Appointment
[INFO] ============================================================
[INFO] 📋 CURRENT TEST DATA:
[INFO]    Test Run ID: 1754310790613
[INFO]    Provider: Dr. Angela White
[INFO]    Provider Email: provider.1754310790613.11.1754310819575@example.com
[INFO]    Provider NPI: 1234590613
[INFO]    Patient: James Anderson
[INFO]    Patient Email: patient.1754310790613.66.1754310885760@example.com
[INFO]    Patient Phone: 5550790613
[DEPENDENCY] ✓ Provider dependency satisfied
[DEPENDENCY] ✓ Patient dependency satisfied
[DEPENDENCY] ✓ Availability dependency satisfied
[INFO] 🔍 Checking browser responsiveness for Appointment Booking Start...
[INFO] ✅ Browser is responsive for Appointment Booking Start
[INFO] Starting login process
[INFO] Login completed
[INFO] Clicked Create
[INFO] Selected New Appointment
[INFO] 🎯 Looking for the EXACT patient created: James Anderson
[INFO]    Patient details: First="James", Last="Anderson"
[INFO] 📋 Available patients: James  Anderson24 Mar 1999
[INFO] 🎯 Trying patient selection method: exact_full_name
[INFO]    📊 Found 1 matching patients
[INFO]    📝 Patient option text: "James  Anderson24 Mar 1999"
[SUCCESS] ✅ Selected patient: "James  Anderson24 Mar 1999" using method: exact_full_name
[INFO] Selected appointment type
[INFO] Filled reason for visit
[INFO] Selected timezone: Eastern Daylight Time (GMT -04:00)
[INFO] Selected Telehealth
[INFO] 🎯 Searching for the EXACT provider from availability: "Dr. Angela White"
[INFO]    Original provider details: First="Dr. Angela", Last="White"
[INFO]    Actually selected in availability: "Dr. Angela White"
[INFO] 📋 Available providers in appointment booking: Dr. Angela White
[INFO] 🎯 Trying provider selection method: exact_stored_provider
[INFO]    📊 Found 1 matching providers
[INFO]    📝 Provider option text: "Dr. Angela White"
[SUCCESS] ✅ Selected provider: "Dr. Angela White" using method: exact_stored_provider
[SUCCESS] ✅ Provider selection completed - using same provider as availability setup
[INFO] Viewing availability
[INFO] 🗓️ Starting date and slot selection process...
[INFO] 🔍 Looking for available dates that match provider availability (focusing on weekdays)...
[INFO] 📅 Weekday dates to prioritize: 1, 4, 5, 6, 7, 8, 11, 12, 13, 14, 15, 18, 19, 20, 21, 22, 25, 26, 27, 28, 29
[INFO] 📅 All dates to try: 4, 5, 6, 7, 8, 11, 12, 13, 14, 15, 18, 19, 20, 21, 22
[INFO] 📅 Today is: 4, prioritizing future weekdays: 4, 5, 6, 7, 8
[INFO] 📅 Trying month: 8/2025, dates: 4, 5, 6, 7, 8, 11, 12, 13, 14, 15, 18, 19, 20, 21, 22, 25, 26, 27, 28, 29, 1
[INFO] 🎯 Trying to select date: 4 in month 8
[INFO] 🎯 Trying to select date: 5 in month 8
[INFO] 🎯 Trying to select date: 6 in month 8
[INFO] 🎯 Trying to select date: 7 in month 8
[INFO] 🎯 Trying to select date: 8 in month 8
[INFO] 🎯 Trying to select date: 11 in month 8
[INFO] 🎯 Trying to select date: 12 in month 8
[INFO] 🎯 Trying to select date: 13 in month 8
[INFO] 🎯 Trying to select date: 14 in month 8
[INFO] 🎯 Trying to select date: 15 in month 8
[INFO] 🎯 Trying to select date: 18 in month 8
[INFO] 🎯 Trying to select date: 19 in month 8
[INFO] 🎯 Trying to select date: 20 in month 8
[INFO] 🎯 Selecting time slot for date 20...
[INFO] 🔍 Checking browser responsiveness for Slot Selection...

[[ATTACHMENT|../test-results/healthcare-workflow-legacy-73a71-er-Patient-AND-Availability-chromium/test-failed-2.png]]

[[ATTACHMENT|../test-results/healthcare-workflow-legacy-73a71-er-Patient-AND-Availability-chromium/test-failed-1.png]]

[[ATTACHMENT|../test-results/healthcare-workflow-legacy-73a71-er-Patient-AND-Availability-chromium/video-1.webm]]

[[ATTACHMENT|../test-results/healthcare-workflow-legacy-73a71-er-Patient-AND-Availability-chromium/video.webm]]

[[ATTACHMENT|../test-results/healthcare-workflow-legacy-73a71-er-Patient-AND-Availability-chromium/error-context.md]]

[[ATTACHMENT|../test-results/healthcare-workflow-legacy-73a71-er-Patient-AND-Availability-chromium/trace.zip]]
]]>
</system-out>
<system-err>
<![CDATA[[ERROR] Screenshot saved for failed test: 04. Book Appointment - REQUIRES: Provider, Patient, AND Availability
[ERROR] Page was closed unexpectedly
[ERROR] ❌ Browser responsiveness check failed for Slot Selection: Page is closed
[ERROR] Appointment booking failed: Browser became unresponsive before slot selection
[ERROR] Debug screenshot failed: page.screenshot: Target page, context or browser has been closed
]]>
</system-err>
</testcase>
<testcase name="Cleanup › Manual Cleanup - Run only when needed" classname="healthcare-workflow-legacy.spec.ts" time="0">
<properties>
<property name="skip" value="">
</property>
</properties>
<skipped>
</skipped>
</testcase>
</testsuite>
</testsuites>